<?xml version="1.0" encoding="UTF-8"?>
<!-- Generated by org.testng.reporters.JUnitReportReporter -->
<testsuite hostname="DESKTOP-JBKRS0T" failures="0" tests="3" name="bikashautomationframework.tests.SubmitOrderTest" time="49.911" errors="0" timestamp="2023-03-10T07:22:07 IST" skipped="0">
  <testcase classname="bikashautomationframework.tests.SubmitOrderTest" name="submitOrder" time="18.991"/>
  <system-out/>
  <testcase classname="bikashautomationframework.tests.SubmitOrderTest" name="submitOrder" time="25.901"/>
  <system-out/>
  <testcase classname="bikashautomationframework.tests.SubmitOrderTest" name="OrderHistoryTest" time="5.019"/>
  <system-out/>
</testsuite> <!-- bikashautomationframework.tests.SubmitOrderTest -->
