<?xml version="1.0" encoding="UTF-8"?>
<!-- Generated by org.testng.reporters.JUnitReportReporter -->
<testsuite hostname="DESKTOP-JBKRS0T" failures="0" tests="1" name="bikashautomationframework.tests.ErrorValidations" time="32.123" errors="0" timestamp="2023-03-06T13:21:51 IST" skipped="0">
  <testcase classname="bikashautomationframework.tests.ErrorValidations" name="submitOrder" time="32.123"/>
  <system-out/>
</testsuite> <!-- bikashautomationframework.tests.ErrorValidations -->
