<?xml version="1.0" encoding="UTF-8"?>
<!-- Generated by org.testng.reporters.JUnitReportReporter -->
<testsuite hostname="DESKTOP-JBKRS0T" failures="0" tests="2" name="bikashautomationframework.tests.ErrorValidationsTest" time="40.771" errors="0" timestamp="2023-03-10T07:22:07 IST" skipped="0">
  <testcase classname="bikashautomationframework.tests.ErrorValidationsTest" name="productErrorValidation" time="34.416"/>
  <system-out/>
  <testcase classname="bikashautomationframework.tests.ErrorValidationsTest" name="loginErrorValidation" time="6.355"/>
  <system-out/>
</testsuite> <!-- bikashautomationframework.tests.ErrorValidationsTest -->
