<?xml version="1.0" encoding="UTF-8"?>
<!-- Generated by org.testng.reporters.JUnitReportReporter -->
<testsuite hostname="DESKTOP-JBKRS0T" failures="0" tests="2" name="bikashautomationframework.tests.ErrorValidationsTest" time="68.616" errors="0" timestamp="2023-03-17T07:52:52 IST" skipped="0">
  <testcase classname="bikashautomationframework.tests.ErrorValidationsTest" name="loginErrorValidation" time="36.685"/>
  <system-out/>
  <testcase classname="bikashautomationframework.tests.ErrorValidationsTest" name="productErrorValidation" time="31.931"/>
  <system-out/>
</testsuite> <!-- bikashautomationframework.tests.ErrorValidationsTest -->
